0 info it worked if it ends with ok
1 verbose cli [ '/usr/local/opt/nvm/v0.10.46/bin/node',
1 verbose cli   '/usr/local/opt/nvm/v0.10.46/bin/npm',
1 verbose cli   'start' ]
2 info using npm@2.15.1
3 info using node@v0.10.46
4 verbose node symlink /usr/local/opt/nvm/v0.10.46/bin/node
5 verbose stack Error: ENOENT, open '/Users/stuart/Sites/apostrophe-documentation/package.json'
6 verbose cwd /Users/stuart/Sites/apostrophe-documentation
7 error Darwin 15.6.0
8 error argv "/usr/local/opt/nvm/v0.10.46/bin/node" "/usr/local/opt/nvm/v0.10.46/bin/npm" "start"
9 error node v0.10.46
10 error npm  v2.15.1
11 error path /Users/stuart/Sites/apostrophe-documentation/package.json
12 error code ENOENT
13 error errno 34
14 error enoent ENOENT, open '/Users/stuart/Sites/apostrophe-documentation/package.json'
14 error enoent This is most likely not a problem with npm itself
14 error enoent and is related to npm not being able to find a file.
15 verbose exit [ 34, true ]
